<?xml version="1.0" encoding="UTF-8"?>
<!-- Generated by org.testng.reporters.JUnitReportReporter -->
<testsuite hostname="Pauls-MBP" failures="0" tests="4" name="com.cocktail.api.searchCocktailByNameTest" time="1.294" errors="0" timestamp="2022-05-02T14:39:18 IST" skipped="0">
  <testcase classname="com.cocktail.api.searchCocktailByNameTest" name="searchByCocktailName_UppercaseName" time="0.202"/>
  <system-out/>
  <testcase classname="com.cocktail.api.searchCocktailByNameTest" name="searchByCocktailName_LowercaseName" time="0.217"/>
  <system-out/>
  <testcase classname="com.cocktail.api.searchCocktailByNameTest" name="searchByCocktailName_CocktailNotFound" time="0.200"/>
  <system-out/>
  <testcase classname="com.cocktail.api.searchCocktailByNameTest" name="searchByCocktailName_SchemaValidation" time="0.675"/>
  <system-out/>
</testsuite> <!-- com.cocktail.api.searchCocktailByNameTest -->
