<?xml version="1.0" encoding="UTF-8"?>
<!-- Generated by org.testng.reporters.JUnitReportReporter -->
<testsuite hostname="Pauls-MBP" failures="0" tests="5" name="com.cocktail.api.searchIngredientByNameTest" time="3.249" errors="0" timestamp="2022-05-02T14:39:18 IST" skipped="0">
  <testcase classname="com.cocktail.api.searchIngredientByNameTest" name="searchByIngredientName_UppercaseName" time="2.368"/>
  <system-out/>
  <testcase classname="com.cocktail.api.searchIngredientByNameTest" name="searchByIngredientName_LowercaseName" time="0.199"/>
  <system-out/>
  <testcase classname="com.cocktail.api.searchIngredientByNameTest" name="searchByIngredientName_Alcoholic" time="0.292"/>
  <system-out/>
  <testcase classname="com.cocktail.api.searchIngredientByNameTest" name="searchByIngredientName_NonAlcoholic" time="0.213"/>
  <system-out/>
  <testcase classname="com.cocktail.api.searchIngredientByNameTest" name="searchByIngredientName_NotFound" time="0.177"/>
  <system-out/>
</testsuite> <!-- com.cocktail.api.searchIngredientByNameTest -->
