<?xml version="1.0" encoding="UTF-8"?>
<!-- Generated by org.testng.reporters.JUnitReportReporter -->
<testsuite hostname="Pauls-MBP" failures="0" tests="3" name="com.cocktail.api.GetCocktailByName" time="2.508" errors="0" timestamp="2022-05-02T09:55:38 IST" skipped="0">
  <testcase classname="com.cocktail.api.GetCocktailByName" name="searchIngredientByName_ValidName" time="2.145"/>
  <system-out/>
  <testcase classname="com.cocktail.api.GetCocktailByName" name="searchIngredientByName_UpperCaseQueryParam" time="0.177"/>
  <system-out/>
  <testcase classname="com.cocktail.api.GetCocktailByName" name="searchIngredientByName_LowerCaseQueryParam" time="0.186"/>
  <system-out/>
</testsuite> <!-- com.cocktail.api.GetCocktailByName -->
